INFO:root:Creation du certificat de l'autorite racine
INFO:root:Creation du dossier de l'autorite racine a echoue, le dossier existe deja
INFO:root:Génération de la clé privé RSA en cours
INFO:root:Génération de la cle privé RSA termine
INFO:root:Generation du certificat racine en cours
INFO:root:Creation du certificat de l'autorite d'enregistrement
INFO:root:Le dossier de l'autorite d'enregistrement existe deja
INFO:root:Génération de la clé privé RSA en cours
INFO:root:Génération de la cle privé RSA termine
INFO:root:On decode la cle publique du CA
INFO:root:On decode la cle publique du RA
INFO:root:Generation du certificat d'autorite d'enregistrement en cours
INFO:root:Le dossier client existe deja
INFO:root:Génération de la clé privé RSA en cours
INFO:root:Génération de la cle privé RSA termine
INFO:root:On decode la requete du certificat client
INFO:root:On decode le certificat du RA
INFO:root:On decode la cle prive du RA
INFO:root:Signature certificat client par le RA
INFO:root:Creation du certificat de l'autorite racine
INFO:root:Creation du dossier de l'autorite racine a echoue, le dossier existe deja
INFO:root:Génération de la clé privé RSA en cours
INFO:root:Génération de la cle privé RSA termine
INFO:root:Generation du certificat racine en cours
INFO:root:Creation du certificat de l'autorite d'enregistrement
INFO:root:Le dossier de l'autorite d'enregistrement existe deja
INFO:root:Génération de la clé privé RSA en cours
INFO:root:Génération de la cle privé RSA termine
INFO:root:On decode la cle publique du CA
INFO:root:On decode la cle publique du RA
INFO:root:Generation du certificat d'autorite d'enregistrement en cours
INFO:root:Le dossier client existe deja
INFO:root:Génération de la clé privé RSA en cours
INFO:root:Génération de la cle privé RSA termine
INFO:root:On decode la requete du certificat client
INFO:root:On decode le certificat du RA
INFO:root:On decode la cle prive du RA
INFO:root:Signature certificat client par le RA
INFO:root:Creation du certificat de l'autorite racine
INFO:root:Creation du dossier de l'autorite racine a echoue, le dossier existe deja
INFO:root:Génération de la clé privé RSA en cours
INFO:root:Génération de la cle privé RSA termine
INFO:root:Generation du certificat racine en cours
INFO:root:Creation du certificat de l'autorite d'enregistrement
INFO:root:Le dossier de l'autorite d'enregistrement existe deja
INFO:root:Génération de la clé privé RSA en cours
INFO:root:Génération de la cle privé RSA termine
INFO:root:On decode la cle publique du CA
INFO:root:On decode la cle publique du RA
INFO:root:Generation du certificat d'autorite d'enregistrement en cours
INFO:root:Le dossier client existe deja
INFO:root:Génération de la clé privé RSA en cours
INFO:root:Génération de la cle privé RSA termine
INFO:root:On decode la requete du certificat client
INFO:root:On decode le certificat du RA
INFO:root:On decode la cle prive du RA
INFO:root:Signature certificat client par le RA
INFO:root:Creation du certificat de l'autorite racine
INFO:root:Creation du dossier de l'autorite racine a echoue, le dossier existe deja
INFO:root:Génération de la clé privé RSA en cours
INFO:root:Génération de la cle privé RSA termine
INFO:root:Generation du certificat racine en cours
INFO:root:Creation du certificat de l'autorite d'enregistrement
INFO:root:Le dossier de l'autorite d'enregistrement existe deja
INFO:root:Génération de la clé privé RSA en cours
INFO:root:Génération de la cle privé RSA termine
INFO:root:On decode la cle publique du CA
INFO:root:On decode la cle publique du RA
INFO:root:Generation du certificat d'autorite d'enregistrement en cours
INFO:root:Le dossier client existe deja
INFO:root:Génération de la clé privé RSA en cours
INFO:root:Génération de la cle privé RSA termine
INFO:root:On decode la requete du certificat client
INFO:root:On decode le certificat du RA
INFO:root:On decode la cle prive du RA
INFO:root:Signature certificat client par le RA
